tensor([0.7704, 0.6769, 0.4625, 0.0068,    nan]) 
tensor([0.7179, 0.6694, 0.4173, 0.3073,    nan]) 
tensor([0.6585, 0.7164, 0.4684, 0.0068, 4.9338]) 
tensor([0.7184, 0.7188, 0.4235, 0.2845, 4.7642]) 
tensor([0.6399, 0.6649, 0.4767, 0.2960, 4.9657]) 
tensor([0.6887, 0.6635, 0.4573, 0.6117, 5.0138]) 
tensor([0.6271, 0.6086, 0.4354, 0.3711, 4.8293]) 
tensor([0.6784, 0.6175, 0.4094, 0.4812, 4.8347]) 
tensor([0.6663, 0.5753, 0.3905, 0.4404, 4.7989]) 
tensor([0.6213, 0.5862, 0.4198, 0.2765, 4.8349]) 
tensor([0.6671, 0.5746, 0.4131, 0.3511, 4.7722]) 
tensor([0.6221, 0.5726, 0.4082, 0.2211, 4.7625]) 
tensor([0.6143, 0.5704, 0.4299, 0.1846, 4.6741]) 
tensor([0.6565, 0.5656, 0.4030, 0.3449, 4.7050]) 
tensor([0.6474, 0.5721, 0.4357, 0.3397, 4.6825]) 
tensor([0.6078, 0.5548, 0.4004, 0.1921, 4.6238]) 
tensor([0.6064, 0.5454, 0.4015, 0.2429, 4.5444]) 
tensor([0.6369, 0.5417, 0.4071, 0.3292, 4.6472]) 
tensor([0.6214, 0.5405, 0.3924, 0.2521, 4.5229]) 
tensor([0.6491, 0.5524, 0.4189, 0.3854, 4.6256]) 
tensor([0.6190, 0.5325, 0.3938, 0.2271, 4.5155]) 
tensor([0.6528, 0.5474, 0.4097, 0.4060, 4.5448]) 
tensor([0.6520, 0.5533, 0.4215, 0.4167, 4.5170]) 
tensor([0.6187, 0.5267, 0.3904, 0.2914, 4.5311]) 
tensor([0.7271, 0.7017, 0.4805, 0.0068, 4.7515]) 
tensor([0.7816, 0.6608, 0.4546, 0.3167, 4.7161]) 
tensor([0.7043, 0.6710, 0.5193, 0.2885, 4.7643]) 
tensor([0.7452, 0.6423, 0.5018, 0.6286, 4.9077]) 
tensor([0.6750, 0.6310, 0.4995, 0.3662, 4.7226]) 
tensor([0.7237, 0.6228, 0.4752, 0.4923, 4.8894]) 
tensor([0.6592, 0.6231, 0.4767, 0.2729, 4.8184]) 
tensor([0.6942, 0.6031, 0.4550, 0.4490, 4.9559]) 
tensor([0.6481, 0.6147, 0.4636, 0.2182, 4.8230]) 
tensor([0.6918, 0.6039, 0.4614, 0.3579, 4.9702]) 
tensor([0.6322, 0.6036, 0.4761, 0.1822, 4.7968]) 
tensor([0.6797, 0.5950, 0.4548, 0.3515, 4.8831]) 
tensor([0.6211, 0.5934, 0.4514, 0.1896, 4.7811]) 
tensor([0.6736, 0.5947, 0.4781, 0.3450, 4.8730]) 
tensor([0.6203, 0.5829, 0.4494, 0.2392, 4.7109]) 
tensor([0.6594, 0.5748, 0.4511, 0.3340, 4.8271]) 
tensor([0.6378, 0.5806, 0.4376, 0.2486, 4.6801]) 
tensor([0.6682, 0.5865, 0.4569, 0.3887, 4.8079]) 
tensor([0.6353, 0.5725, 0.4365, 0.2240, 4.6633]) 
tensor([0.6723, 0.5840, 0.4458, 0.4101, 4.7441]) 
tensor([0.6318, 0.5680, 0.4306, 0.2877, 4.6664]) 
tensor([0.6695, 0.5883, 0.4562, 0.4193, 4.6887]) 
tensor([0.6374, 0.5622, 0.4154, 0.3129, 4.6375]) 
tensor([0.6664, 0.5796, 0.4473, 0.4341, 4.6470]) 
tensor([0.6351, 0.5442, 0.3905, 0.3116, 4.6158]) 
tensor([0.6618, 0.5691, 0.4381, 0.4634, 4.6396]) 
tensor([0.6394, 0.5415, 0.3896, 0.3340, 4.6179]) 
tensor([0.6589, 0.5624, 0.4371, 0.4460, 4.6120]) 
tensor([0.6407, 0.5343, 0.3729, 0.3534, 4.5947]) 
tensor([0.6614, 0.5601, 0.4281, 0.4380, 4.5928]) 
tensor([0.6423, 0.5365, 0.3800, 0.3491, 4.5649]) 
tensor([0.6608, 0.5520, 0.4187, 0.4275, 4.5677]) 
tensor([0.6388, 0.5332, 0.3822, 0.3472, 4.5537]) 
tensor([0.6603, 0.5520, 0.4211, 0.4478, 4.5535]) 
tensor([0.6594, 0.5522, 0.4223, 0.4374, 4.5386]) 
tensor([0.6396, 0.5280, 0.3764, 0.3460, 4.5373]) 
tensor([0.6382, 0.5255, 0.3778, 0.3417, 4.5318]) 
tensor([0.6595, 0.5484, 0.4192, 0.4311, 4.5395]) 
tensor([0.6332, 0.5228, 0.3812, 0.3409, 4.5217]) 
tensor([0.6608, 0.5433, 0.4089, 0.4540, 4.5216]) 
tensor([0.6364, 0.5187, 0.3729, 0.3340, 4.5093]) 
tensor([0.6598, 0.5419, 0.4042, 0.4474, 4.5096]) 
tensor([0.6368, 0.5210, 0.3748, 0.3318, 4.5012]) 
tensor([0.6522, 0.5337, 0.3936, 0.4520, 4.4968]) 
tensor([0.8043, 0.8171, 0.4300, 0.2845, 4.7316]) 
tensor([0.7806, 0.7344, 0.5055, 0.0068, 5.2029]) 
tensor([0.7498, 0.7558, 0.4810, 0.6186, 4.9116]) 
tensor([0.7258, 0.7016, 0.5383, 0.2838, 5.0204]) 
tensor([0.7085, 0.7281, 0.4613, 0.4877, 4.8446]) 
tensor([0.6826, 0.6722, 0.5058, 0.3651, 4.9017]) 
tensor([0.6717, 0.6543, 0.4989, 0.2721, 4.8907]) 
tensor([0.6936, 0.6821, 0.4575, 0.4451, 4.7876]) 
tensor([0.6657, 0.6463, 0.4915, 0.2175, 4.8580]) 
tensor([0.6963, 0.6696, 0.4657, 0.3548, 4.8015]) 
tensor([0.6855, 0.6604, 0.4622, 0.3499, 4.7142]) 
tensor([0.6430, 0.6350, 0.5008, 0.1817, 4.7399]) 
tensor([0.6294, 0.6304, 0.4733, 0.1898, 4.6855]) 
tensor([0.6765, 0.6498, 0.4838, 0.3439, 4.6773]) 
tensor([0.6568, 0.6238, 0.4638, 0.3333, 4.6481]) 
tensor([0.6270, 0.6156, 0.4704, 0.2386, 4.6315]) 
tensor([0.6375, 0.6113, 0.4608, 0.2477, 4.5852]) 
tensor([0.6669, 0.6268, 0.4699, 0.3885, 4.6129]) 
tensor([0.6700, 0.6214, 0.4614, 0.4094, 4.5343]) 
tensor([0.6327, 0.6007, 0.4612, 0.2232, 4.5778]) 
tensor([0.6692, 0.6228, 0.4734, 0.4192, 4.4830]) 
tensor([0.6303, 0.5937, 0.4553, 0.2867, 4.5774]) 
tensor([0.6680, 0.6122, 0.4667, 0.4345, 4.4734]) 
tensor([0.6353, 0.5858, 0.4404, 0.3117, 4.5521]) 
tensor([0.6343, 0.5662, 0.4173, 0.3100, 4.5276]) 
tensor([0.6655, 0.5983, 0.4586, 0.4624, 4.4692]) 
