['dev-0', 0.0, [''], ['within 10 days']]
['dev-1', 0.8571428571428571, [' 21 or over'], ['aged 21 or over']]
['dev-2', 1.0, ['yes'], ['yes']]
['dev-3', 1.0, ['yes'], ['yes']]
['dev-4', 1.0, ['no'], ['no']]
['dev-5', 1.0, ['yes'], ['yes']]
['dev-6', 0.36787944117144233, ['yes', 'no'], ['yes']]
['dev-7', 1.0, [], []]
['dev-8', 1.0, ['yes'], ['yes']]
['dev-9', 0.5, ['no', ''], ['yes', 'no']]
['dev-10', 0.0, [' £89.60'], ['lower rate - £60']]
['dev-11', 1.0, [' adoption support fund'], ['adoption support fund']]
['dev-12', 0.0, [' £200', ''], ['in a tax year, households do not pay tax on the first £10,000 they earn from fostering.', 'you also get tax relief for every week (or part week) that a child is in your care. this means you do not have to pay tax on some of your earnings over £10,000.']]
['dev-13', 0.0, ['no'], ['yes']]
['dev-14', 0.0, ['no'], ['yes']]
['dev-15', 1.0, ['yes'], ['yes']]
['dev-16', 0.0, [''], ['14%']]
['dev-17', 0.0, ['yes'], ['no']]
['dev-18', 0.26666666666666666, ['at least 3 of the donor’s family members'], ['tell the donor, their family members and other attorneys']]
['dev-19', 1.0, ['no'], ['no']]
['dev-20', 0.0, ['yes'], ['no']]
['dev-21', 0.0, [''], ['25%']]
['dev-22', 0.0, [' contact the Treasury Solicitor'], ['ask for a certificate of funds when you write to the court funds office about the death.']]
['dev-23', 1.0, [' 0.1%'], ['0.1%']]
['dev-24', 0.0, [' £200'], ['£169']]
['dev-25', 0.25, [' industrial injuries benefit', '', '', ''], ['personal independence payment (pip)', 'employment and support allowance (esa)', 'industrial injuries benefit', 'universal credit']]
['dev-26', 0.0, ['yes'], ['no']]
['dev-27', 1.0, ['yes'], ['yes']]
['dev-28', 1.0, ['yes'], ['yes']]
['dev-29', 0.0, ['no'], []]
['dev-30', 0.0, ['no'], ['check your child placement plan to find out if you have the authority']]
['dev-31', 0.0, [' 3 months'], []]
['dev-32', 1.0, ['no'], ['no']]
['dev-33', 0.0, ['no'], ['yes']]
['dev-34', 0.0, [' 6 months'], []]
['dev-35', 0.0, ['yes'], ['no']]
['dev-36', 0.5, [' an education, health and care (ehc) plan', ''], ['sen support', 'an education, health and care (ehc) plan']]
['dev-37', 1.0, ['yes'], ['yes']]
['dev-38', 1.0, ['yes', 'no'], ['yes', 'no']]
['dev-39', 0.36787944117144233, ['yes', 'no'], ['no']]
['dev-40', 1.0, ['yes'], ['yes']]
['dev-41', 0.0, ['yes'], ['no']]
['dev-42', 1.0, [' download and fill in the honours nomination form and email it to the honours and appointments secretariat'], ['download and fill in the honours nomination form and email it to the honours and appointments secretariat.']]
['dev-43', 0.3333333333333333, [' committed themselves to serving and helping britain', '', ''], ['made achievements in public life', 'committed themselves to serving and helping britain', 'made life better for other people or be outstanding at what they do']]
['dev-44', 1.0, [' 5 years'], ['5 years']]
['dev-45', 1.0, ['yes'], ['yes']]
['dev-46', 1.0, ['yes'], ['yes']]
['dev-47', 1.0, ['no'], ['no']]
['dev-48', 0.6666666666666666, [' the sen co-ordinator'], ['the sen co-ordinator, or ‘senco’']]
['dev-49', 1.0, ['yes'], ['yes']]
['dev-50', 1.0, ['yes'], ['yes']]
['dev-51', 0.0, [' someone independent (an agent'], ['the rural payments agency']]
['dev-52', 0.0, [''], ['£19.20']]
['dev-53', 0.0, ['no'], ['yes']]
['dev-54', 0.5, [' initial training by hm coastguard', ''], ['initial training by hm coastguard', 'regular training to keep your skills up to date']]
['dev-55', 0.36787944117144233, ['no', 'yes'], ['no']]
['dev-56', 0.0, [' an education, health and care (EHC) plan', '', '', '', ''], ['a special learning programme', 'extra help from a teacher or assistant', 'to work in a smaller group', 'observation in class or at break', 'help taking part in class activities']]
['dev-57', 0.19999999999999998, ['Contact the college before your child starts further education to make sure that they can meet your child’s needs'], ['contact the college']]
['dev-58', 0.36787944117144233, ['yes', 'no'], ['yes']]
['dev-59', 0.0, ['yes'], ['no']]
['dev-60', 1.0, ['yes'], ['yes']]
['dev-61', 1.0, ['yes'], ['yes']]
['dev-62', 1.0, ['yes'], ['yes']]
['dev-63', 1.0, [' use the national careers service course search'], ['use the national careers service course search']]
['dev-64', 0.5, [' full day'], ['the cbt course usually lasts a full day']]
['dev-65', 1.0, ['no'], ['no']]
['dev-66', 1.0, ['yes'], ['yes']]
['dev-67', 0.3333333333333333, ['£11,570', '', ''], ['£11,570', '£11,222', '£10,906']]
['dev-68', 1.0, [' from the national careers service'], ['from the national careers service']]
['dev-69', 1.0, ['no'], ['no']]
['dev-70', 0.0, ['no'], ['yes']]
['dev-71', 1.0, ['yes'], ['yes']]
['dev-72', 1.0, ['no'], ['no']]
['dev-73', 0.2, [' uk driving licence', '', '', '', ''], ['uk driving licence', 'a motorcycle helmet that meets british safety standards', 'motorcycle boots or other sturdy footwear', 'motorcycle gloves', 'textile or leather motorcycle trousers or heavy denim trousers']]
['dev-74', 0.18181818181818182, [' in 3 instalments of 33%, 33% and 34% each year'], ['instalments']]
['dev-75', 0.3333333333333333, [' uk passport', '', ''], ['uk passport', 'original birth or adoption certificate', 'passport or national identity card']]
['dev-76', 1.0, ['yes'], ['yes']]
['dev-77', 1.0, [' your approved driving instructor (adi) registration can be suspended'], ['your approved driving instructor (adi) registration can be suspended']]
['dev-78', 1.0, ['no'], ['no']]
['dev-79', 1.0, ['yes'], ['yes']]
['dev-80', 0.3333333333333333, [' international convention for the prevention of pollution from ships', '', ''], ['international convention for the safety of life at sea', 'international convention on load lines', 'international convention for the prevention of pollution from ships']]
['dev-81', 0.4375, [' the Merchant Shipping (Fire Protection: Large Ships) Regulations 1998', ''], ['merchant shipping (fire protection: small ships) regulations 1998.', 'merchant shipping (fire protection) regulations 2003']]
['dev-82', 0.25, [' every year'], ['every year and whenever there are significant changes to either the ship or working activities']]
['dev-83', 1.0, ['yes'], ['yes']]
['dev-84', 1.0, ['yes'], ['yes']]
['dev-85', 0.0, ['yes'], ['no']]
['dev-86', 1.0, ['yes'], ['yes']]
['dev-87', 0.14285714285714288, ['by cheque through the post'], ['through your business’s hm revenue and customs (hmrc) online account']]
['dev-88', 0.0, ['no'], ['yes']]
['dev-89', 1.0, [], []]
['dev-90', 0.4, [' 22 october'], ['22 october following the tax year it applies to']]
['dev-91', 0.0, [''], ['4 weeks’ pay']]
['dev-92', 0.0, ['yes'], ['no']]
['dev-93', 0.06666666666666667, ['Tell your employer as soon as possible', ''], ['your staff or trade union representative or acas', 'an employment tribunal']]
['dev-94', 1.0, ['no'], ['no']]
['dev-95', 0.0, ['no'], ['yes']]
['dev-96', 0.0, [' At least a week'], ['a week’s notice for every year employed']]
['dev-97', 0.0, ['', ''], ['1.5 weeks’ pay for each full year of employment after their 41st birthday', 'a week’s pay for each full year of employment after their 22nd birthday']]
['dev-98', 0.26666666666666666, ['the number of hours worked, if the pay varies depending on time worked', ''], ['pay after deductions', 'the number of hours worked']]
['dev-99', 0.0, ['6% of their income above £21,000'], ['£27,295']]
['dev-100', 0.0, [''], ['‘yes’ in the ‘irregular payment pattern indicator’']]
['dev-101', 0.7272727272727273, ['6% of their income'], ['6% of their income above £21,000 a year']]
['dev-102', 1.0, ['yes'], ['yes']]
['dev-103', 1.0, ['yes'], ['yes']]
['dev-104', 0.0, ['yes'], ['no']]
['dev-105', 0.25, [' every year'], ['every year and whenever there are significant changes to either the ship or working activities.']]
['dev-106', 1.0, [' by 22 october'], ['by 22 october']]
['dev-107', 0.0, ['yes'], ['no']]
['dev-108', 0.6666666666666666, [' within one month'], ['within one month of making the change']]
['dev-109', 1.0, ['yes'], ['yes']]
['dev-110', 0.0, [' Jobcentre Plus'], ['the insolvency service’s redundancy payments service (rps)']]
['dev-111', 0.0, ['no'], ['yes']]
['dev-112', 0.0, [''], ['minimum capacity of 18,000 litres per 2 users (plus another 6,800 litres per each extra user)']]
['dev-113', 0.0, ['no'], ['yes']]
['dev-114', 1.0, ['no'], ['no']]
['dev-115', 1.0, ['yes'], ['yes']]
['dev-116', 0.0, ['no'], []]
['dev-117', 0.4444444444444445, [' the Centralised Attachment of Earning Payments (CAPS) office'], ['the caps office']]
['dev-118', 0.0, ['yes'], []]
['dev-119', 0.0, ['yes'], ['no']]
['dev-120', 1.0, ['yes'], ['yes']]
['dev-121', 1.0, [' the centralised attachment of earning payments (caps) office'], ['the centralised attachment of earning payments (caps) office']]
['dev-122', 1.0, ['yes'], ['yes']]
['dev-123', 0.36787944117144233, ['yes', 'no'], ['yes']]
['dev-124', 1.0, ['yes'], ['yes']]
['dev-125', 1.0, ['no'], ['no']]
['dev-126', 0.0, ['you’re over 60 when the product is supplied or installed'], ['confirm to your supplier in writing that you meet these conditions']]
['dev-127', 0.5, [' the office of the immigration services commissioner (oisc) adviser finder', ''], ['the office of the immigration services commissioner (oisc) adviser finder', 'the law society']]
['dev-128', 1.0, ['yes'], ['yes']]
['dev-129', 0.36787944117144233, ['yes', 'no'], ['yes']]
['dev-130', 0.3333333333333333, [' download a bereavement support payment form (bsp1)', '', ''], ['the quickest way to apply is by phone. you can also apply using a paper form.', 'download a bereavement support payment form (bsp1)', 'contact your nearest jobcentre plus to get one through the post']]
['dev-131', 1.0, ['no'], ['no']]
['dev-132', 1.0, ['no'], ['no']]
['dev-133', 1.0, ['yes'], ['yes']]
['dev-134', 1.0, ['yes'], ['yes']]
['dev-135', 1.0, ['no'], ['no']]
['dev-136', 1.0, ['yes'], ['yes']]
['dev-137', 1.0, ['yes'], ['yes']]
['dev-138', 0.0, ['no'], ['yes']]
['dev-139', 0.0, ['no'], ['yes']]
['dev-140', 0.0, ['yes'], ['no']]
['dev-141', 1.0, ['yes'], ['yes']]
['dev-142', 0.16666666666666666, [' £3,500 | £350', '', '', ''], ['£3,500', '£350', '£2,500', '£100']]
['dev-143', 0.06000000000000001, [' get a Funeral Expenses Payment', ' get other help to pay for the funeral if you’re not eligible for Funeral Expenses Payment', 'Funeral Expenses Payment', ' a Funeral Expenses Payment', ' up to £1,000'], ['burial fees for a particular plot', 'cremation fees, including the cost of the doctor’s certificate', 'travel to arrange or go to the funeral', 'the cost of moving the body within the uk', 'death certificates or other documents']]
['dev-144', 1.0, ['yes'], ['yes']]
['dev-145', 0.5, ['yes', ''], ['no', 'yes']]
['dev-146', 1.0, ['yes'], ['yes']]
['dev-147', 0.0, ['no'], ['yes']]
['dev-148', 1.0, ['yes'], ['yes']]
['dev-149', 0.0, ['', ''], ['pay you the interest less income tax at the basic rate of 20%', 'report and pay the income tax every quarter using form ct61']]
['dev-150', 0.8571428571428571, ['Contact your local council'], ['your local council']]
['dev-151', 1.0, ['no'], ['no']]
['dev-152', 1.0, [], []]
['dev-153', 1.0, ['no'], ['no']]
['dev-154', 0.0, ['yes'], ['ask your school or college to get an exam result looked at again']]
['dev-155', 0.0, ['yes', ''], ['ask the exams officer, headteacher or principal at your school or college to make an appeal', 'make an appeal yourself']]
['dev-156', 1.0, ['no'], ['no']]
['dev-157', 0.0, ['no'], []]
['dev-158', 0.010773905228667164, [' complain to your solicitor directly by following their complaints procedure', ' challenge your solicitor’s bill', 'Send a cheque made payable to ‘HMCTS’', 'Ask the Senior Courts Costs Office', 'Apply to your nearest county court'], ['ask the senior courts costs office to make a ‘detailed assessment’ of your bill']]
['dev-159', 0.0, [' £335', '', ''], ['£45', '£1,345', 'your own costs and the other party’s reasonable costs of the detailed assessment']]
['dev-160', 0.0, ['The council may check your vehicle', '', '', ''], ['it’s roadworthy', 'it’s comfortable and clean', 'the taximeter works properly', 'the doors are safe and secure']]
['dev-161', 0.12173913043478261, ['You must get a licence for each vehicle. The vehicle must have no more than 8 passenger seats.', '', '', '', ''], ['have no more than 8 passenger seats', 'not look like a licensed taxi', 'only display advertising that complies with tfl guidelines', 'display licence discs', 'your vehicle will need to be inspected by tfl']]
['dev-162', 1.0, ['yes'], ['yes']]
['dev-163', 1.0, ['yes'], ['yes']]
['dev-164', 0.36787944117144233, ['no', 'yes'], ['no']]
['dev-165', 1.0, ['yes'], ['yes']]
['dev-166', 0.0, ['yes'], ['no']]
['dev-167', 0.0, ['yes'], ['no']]
['dev-168', 1.0, ['yes'], ['yes']]
['dev-169', 1.0, ['yes'], ['yes']]
['dev-170', 0.0, ['', '', ''], ['tax relief on income, gains and profits from some activities', 'gift aid repayments on donations', 'business rates relief']]
['dev-171', 0.5, [' state that any assets left after the club closes are only used by another registered casc, charity or related community sport', ''], ['set out how you meet the eligibility criteria for registering as a casc', 'state that any assets left after the club closes are only used by another registered casc, charity or related community sport']]
['dev-172', 1.0, ['yes'], ['yes']]
['dev-173', 0.6666666666666666, [' 3 years'], ['a maximum of 3 years']]
['dev-174', 0.5, [' download and fill in 3 copies of part 8 claim form (n208)', ''], ['download and fill in 3 copies of part 8 claim form (n208)', 'send a cheque made payable to ‘hmcts’ with all 3 copies of your completed form and a copy of your solicitor’s bill']]
['dev-175', 0.36787944117144233, ['yes', 'no'], ['yes']]
['dev-176', 1.0, [' vat'], ['vat']]
['dev-177', 0.3333333333333333, [' highways england', '', ''], ['your local council', 'highways england', 'connect plus']]
['dev-178', 1.0, ['yes'], ['yes']]
['dev-179', 0.5, [' 2 working days', ''], ['2 working days', 'take longer']]
['dev-180', 0.4, [' 5'], ['a maximum of 5 countries']]
['dev-181', 0.0, [''], ['the visa application centre where you applied']]
['dev-182', 0.33333333333333337, [' online'], ['report a change of address online']]
['dev-183', 0.0, ['no'], ['you may need to make another visa application']]
['dev-184', 1.0, [' apply online'], ['apply online']]
['dev-185', 1.0, [' £100'], ['£100']]
['dev-186', 0.3333333333333333, [' highways england', '', ''], ['your local council', 'highways england', 'connect plus']]
['dev-187', 1.0, ['yes'], ['yes']]
['dev-188', 0.0, ['no'], ['yes']]
['dev-189', 0.0, [''], ['4 weeks']]
['dev-190', 1.0, [' through your local council'], ['through your local council']]
['dev-191', 0.36787944117144233, [' several months', 'Find out about the planning system in Scotland, Wales and Northern Ireland.'], ['several months']]
['dev-192', 0.36787944117144233, ['yes', 'no'], ['yes']]
['dev-193', 1.0, ['yes'], ['yes']]
['dev-194', 0.0, ['no'], ['yes']]
['dev-195', 0.0, ['no'], ['yes']]
['dev-196', 1.0, [' 9 months and 1 day'], ['9 months and 1 day']]
['dev-197', 0.3080502714195552, [' cash or cheque', 'debit or credit card online', ' another method', 'through your online bank account', 'online or telephone banking'], ['online or telephone banking (faster payments)', 'chaps', 'through your online bank account']]
['dev-198', 1.0, ['yes'], ['yes']]
['dev-199', 0.0, ['yes'], []]
['dev-200', 1.0, ['yes'], ['yes']]
['dev-201', 0.17647058823529413, [' try to come to an agreement with the local planning authority (LPA) by adjusting your plans', ''], ['adjusting your plans', 'appeal']]
['dev-202', 1.0, ['no'], ['no']]
['dev-203', 0.0, ['yes'], ['check your hm revenue and customs (hmrc) online account']]
['dev-204', 1.0, ['yes'], ['yes']]
['dev-205', 0.0, ['no'], ['yes']]
['dev-206', 1.0, [' xi'], ['xi']]
['dev-207', 0.5, ['4 years', ''], ['4 years', '6 months']]
['dev-208', 1.0, ['no'], ['no']]
['dev-209', 0.08175098692698718, ['no', ' when you buy the goods or to the delivery company before you receive them. If you have to pay VAT to the delivery company, it’s charged on the total package value'], ['the seller will have included vat in the total you paid']]
['dev-210', 1.0, ['yes'], ['yes']]
['dev-211', 0.4615384615384615, ['on the payslip that HMRC sent you', ''], ['on any payslip that hmrc sent you', 'through your company’s hmrc online account - choose ‘view account’ then ‘accounting period’']]
['dev-212', 0.0, ['Your local planning authority (LPA) will decide whether to grant planning permission for your project based on its development plan', ' several months'], ['8 weeks']]
['dev-213', 0.5, ['yes', ''], ['yes', 'no']]
['dev-214', 1.0, ['yes'], ['yes']]
['dev-215', 1.0, ['yes'], ['yes']]
['dev-216', 1.0, ['no'], ['no']]
['dev-217', 0.5, ['no', ''], ['no', 'yes']]
['dev-218', 0.0, [' divided equally across each year'], ['directly to you']]
['dev-219', 1.0, ['no'], ['no']]
['dev-220', 0.0, ['no'], ['yes']]
['dev-221', 0.0, ['no'], ['yes']]
['dev-222', 0.1, ['provide a smoke alarm on each storey', '', '', '', ''], ['follow safety regulations', 'provide a smoke alarm on each storey and a carbon monoxide alarm in any room with a solid fuel burning appliance', 'check you have access to escape routes at all times', 'make sure the furniture and furnishings they supply are fire safe', 'provide fire alarms and extinguishers']]
['dev-223', 0.5, ['no', ''], ['yes', 'no']]
['dev-224', 0.0, ['You’ll need a permit'], ['yes']]
['dev-225', 0.03846153846153846, [' follow the general binding rules', '', '', ''], ['not cause pollution', 'use a small sewage treatment plant', 'apply for a permit', 'read the additional rules for discharging sewage to a surface water']]
['dev-226', 0.3333333333333333, ['Money Advice Service', '', ''], ['money advice service', 'shelter', 'citizens advice']]
['dev-227', 0.3333333333333333, [' the environmental health department at your local council', '', ''], ['your landlord', 'the environmental health department at your local council', 'housing department at your local council']]
['dev-228', 1.0, [' office of the immigration services commissioner (oisc) adviser finder'], ['office of the immigration services commissioner (oisc) adviser finder']]
['dev-229', 1.0, [' email the OISC'], ['email the oisc']]
['dev-230', 0.0, ['yes'], []]
['dev-231', 0.5, ['yes', ''], ['yes', 'no']]
['dev-232', 0.0, ['a bank', ''], ['an account in your name', 'a joint account']]
['dev-233', 0.0, [' within 4 months of your State Pension age to claim.', ''], ['uk', 'the country you live in']]
['dev-234', 0.5, ['send the international claim form to the International Pension Centre', ''], ['contact the international pension centre', 'send the international claim form to the international pension centre']]
['dev-235', 0.0, ['no'], ['yes']]
['dev-236', 1.0, ['yes'], ['yes']]
['dev-237', 0.0, ['yes'], []]
['dev-238', 0.0, [' 30-day'], []]
['dev-239', 0.0, [' same rights as someone employed directly', '', ''], ['‘equal pay’', 'automatic pension enrolment', 'paid annual leave']]
['dev-240', 0.19999999999999998, [' cac  if you do not agree there’s a pre-existing agreement.'], ['cac']]
['dev-241', 0.0, ['no'], ['yes']]
['dev-242', 0.25, ['trade union representative', '', '', ''], ['colleague', 'trade union representative', 'a family member', 'citizens advice bureau worker']]
['dev-243', 0.5454545454545454, ['You can find a mediation service in your area'], ['in your area']]
['dev-244', 0.0, ['no'], ['yes']]
['dev-245', 0.0, ['yes'], ['no']]
['dev-246', 0.0, ['The ARC shows you’ve applied for asylum.', '', ''], ['show who you are', 'show whether you have permission to work', 'get health or education services']]
['dev-247', 0.0, [' appeal against the decision.'], ['6 months']]
['dev-248', 0.14285714285714285, ['who you should submit your appeal to'], ['your employer’s grievance procedure will set out']]
['dev-249', 1.0, ['yes'], ['yes']]
['dev-250', 0.0, ['You can appeal'], []]
['dev-251', 1.0, ['yes', 'no'], ['yes', 'no']]
['dev-252', 0.20833333333333334, ['You may be sent to a safe country that will consider your asylum claim. This might happen if you’ve travelled to the UK through a safe third country or you have a connection with another country that you could claim asylum in', ''], ['sent to a safe country that will consider your asylum claim', 'considered in the uk and given to a caseworker']]
['dev-253', 1.0, ['yes'], ['yes']]
['dev-254', 0.0, ['yes'], ['no']]
['dev-255', 0.0, ['yes'], ['no']]
['dev-256', 0.6666666666666666, ['Contact Acas'], ['acas']]
['dev-257', 0.0, ['no'], ['yes']]
['dev-258', 1.0, ['yes'], ['yes']]
['dev-259', 0.3, ['at least 15', ''], ['at least 2% of all the employees in the company or organisation', 'at least 15 employees must make the request']]
['dev-260', 0.36787944117144233, ['yes', ' £120,000'], ['yes']]
['dev-261', 0.0, ['At least 15 weeks'], ['automatically']]
['dev-262', 0.1818181818181818, [' your original birth or adoption certificate'], ['passport or national identity card']]
['dev-263', 0.18181818181818182, [' in 3 instalments of 33%, 33% and 34% each year'], ['instalments']]
['dev-264', 0.0, ['£11,570'], ['£10,906']]
['dev-265', 0.9090909090909091, [' your original birth or adoption certificate'], ['original birth or adoption certificate']]
['dev-266', 1.0, ['£11,570'], ['£11,570']]
['dev-267', 1.0, ['yes'], ['yes']]
['dev-268', 1.0, ['yes'], ['yes']]
['dev-269', 0.0, ['£11,570'], ['£11,222']]
['dev-270', 0.25, [' industrial injuries benefit', '', '', ''], ['personal independence payment (pip)', 'employment and support allowance (esa)', 'industrial injuries benefit', 'universal credit']]
['dev-271', 0.0, ['yes', ''], ['pay after deductions', 'the number of hours worked']]
['dev-272', 0.0, [' try to come to an agreement with the local planning authority (LPA) by adjusting your plans'], ['appeal']]
['dev-273', 0.0, [' a penalty'], ['4 years']]
['dev-274', 0.0, ['4 years'], ['6 months']]
['dev-275', 1.0, ['no'], ['no']]
['dev-276', 0.7692307692307692, [' the environmental health department at your local council'], ['housing department at your local council']]
['dev-277', 0.9333333333333333, ['Contact the environmental health department at your local council'], ['the environmental health department at your local council']]
['dev-278', 0.14285714285714285, ['provide a smoke alarm on each storey and a carbon monoxide alarm', '', '', '', ''], ['follow safety regulations', 'provide a smoke alarm on each storey and a carbon monoxide alarm in any room with a solid fuel burning appliance', 'check you have access to escape routes at all times', 'make sure the furniture and furnishings they supply are fire safe', 'provide fire alarms and extinguishers']]
['dev-279', 0.03846153846153846, [' follow the general binding rules', '', '', ''], ['not cause pollution', 'use a small sewage treatment plant', 'apply for a permit', 'read the additional rules for discharging sewage to a surface water']]
['dev-280', 0.0, ['no'], ['yes']]
['dev-281', 0.0, ['yes'], ['no']]
['dev-282', 1.0, [' considered in the uk and given to a caseworker'], ['considered in the uk and given to a caseworker']]
['dev-283', 1.0, ['yes'], ['yes']]
['dev-284', 0.25, ['trade union representative', '', '', ''], ['colleague', 'trade union representative', 'a family member', 'citizens advice bureau worker']]
